#
# There is insufficient memory for the Java Runtime Environment to continue.
# Native memory allocation (mmap) failed to map 234881024 bytes for G1 virtual space
# Possible reasons:
#   The system is out of physical RAM or swap space
#   The process is running with CompressedOops enabled, and the Java Heap may be blocking the growth of the native heap
# Possible solutions:
#   Reduce memory load on the system
#   Increase physical memory or swap space
#   Check if swap backing store is full
#   Decrease Java heap size (-Xmx/-Xms)
#   Decrease number of Java threads
#   Decrease Java thread stack sizes (-Xss)
#   Set larger code cache with -XX:ReservedCodeCacheSize=
#   JVM is running with Zero Based Compressed Oops mode in which the Java heap is
#     placed in the first 32GB address space. The Java Heap base address is the
#     maximum limit for the native heap growth. Please use -XX:HeapBaseMinAddress
#     to set the Java Heap base and to place the Java Heap above 32GB virtual address.
# This output file may be truncated or incomplete.
#
#  Out of Memory Error (os_windows.cpp:3825), pid=9524, tid=26748
#
# JRE version:  (17.0.10+1) (build )
# Java VM: OpenJDK 64-Bit Server VM (17.0.10+1-b1087.17, mixed mode, sharing, tiered, compressed oops, compressed class ptrs, g1 gc, windows-amd64)
# No core dump will be written. Minidumps are not enabled by default on client versions of Windows
#

---------------  S U M M A R Y ------------

Command Line: git4idea.http.GitAskPassApp Username for 'https://github.com': 

Host: AMD Ryzen 7 3700U with Radeon Vega Mobile Gfx  , 8 cores, 13G,  Windows 11 , 64 bit Build 22621 (10.0.22621.3958)
Time: Sun Aug  4 00:13:59 2024 South Africa Standard Time elapsed time: 0.031753 seconds (0d 0h 0m 0s)

---------------  T H R E A D  ---------------

Current thread (0x0000015a430ae810):  JavaThread "Unknown thread" [_thread_in_vm, id=26748, stack(0x0000004e4ae00000,0x0000004e4af00000)]

Stack: [0x0000004e4ae00000,0x0000004e4af00000]
Native frames: (J=compiled Java code, j=interpreted, Vv=VM code, C=native code)
V  [jvm.dll+0x688ac9]
V  [jvm.dll+0x84220a]
V  [jvm.dll+0x843e4e]
V  [jvm.dll+0x8444b3]
V  [jvm.dll+0x24ba8f]
V  [jvm.dll+0x685899]
V  [jvm.dll+0x67a14a]
V  [jvm.dll+0x30c7eb]
V  [jvm.dll+0x313c96]
V  [jvm.dll+0x363a2e]
V  [jvm.dll+0x363c5f]
V  [jvm.dll+0x2e25b8]
V  [jvm.dll+0x2e3524]
V  [jvm.dll+0x812d71]
V  [jvm.dll+0x3718e1]
V  [jvm.dll+0x7f18d6]
V  [jvm.dll+0x3f553f]
V  [jvm.dll+0x3f7171]
C  [jli.dll+0x528f]
C  [ucrtbase.dll+0x29333]
C  [KERNEL32.DLL+0x1257d]
C  [ntdll.dll+0x5af28]


---------------  P R O C E S S  ---------------

Threads class SMR info:
_java_thread_list=0x00007ff95477ef58, length=0, elements={
}

Java Threads: ( => current thread )

Other Threads:
  0x0000015a43280710 GCTaskThread "GC Thread#0" [stack: 0x0000004e4af00000,0x0000004e4b000000] [id=25108]
  0x0000015a4328f5a0 ConcurrentGCThread "G1 Main Marker" [stack: 0x0000004e4b000000,0x0000004e4b100000] [id=23976]
  0x0000015a4328ffc0 ConcurrentGCThread "G1 Conc#0" [stack: 0x0000004e4b100000,0x0000004e4b200000] [id=10552]

[error occurred during error reporting (printing all threads), id 0xc0000005, EXCEPTION_ACCESS_VIOLATION (0xc0000005) at pc=0x00007ff953f33187]

VM state: not at safepoint (not fully initialized)

VM Mutex/Monitor currently owned by a thread:  ([mutex/lock_event])
[0x0000015a4321e560] Heap_lock - owner thread: 0x0000015a430ae810

Heap address: 0x0000000720c00000, size: 3572 MB, Compressed Oops mode: Zero based, Oop shift amount: 3

CDS archive(s) mapped at: [0x0000000000000000-0x0000000000000000-0x0000000000000000), size 0, SharedBaseAddress: 0x0000000800000000, ArchiveRelocationMode: 1.
Narrow klass base: 0x0000000000000000, Narrow klass shift: 0, Narrow klass range: 0x0

GC Precious Log:
<Empty>

Heap:
 garbage-first heap   total 0K, used 0K [0x0000000720c00000, 0x0000000800000000)
  region size 2048K, 0 young (0K), 0 survivors (0K)
 Metaspace       used 0K, committed 0K, reserved 0K
  class space    used 0K, committed 0K, reserved 0K

Heap Regions: E=young(eden), S=young(survivor), O=old, HS=humongous(starts), HC=humongous(continues), CS=collection set, F=free, OA=open archive, CA=closed archive, TAMS=top-at-mark-start (previous, next)

Card table byte_map: [0x0000015a582e0000,0x0000015a589e0000] _byte_map_base: 0x0000015a549da000

Marking Bits (Prev, Next): (CMBitMap*) 0x0000015a43280d30, (CMBitMap*) 0x0000015a43280d70
 Prev Bits: [0x0000015a590e0000, 0x0000015a5c8b0000)
 Next Bits: [0x0000015a5c8b0000, 0x0000015a60080000)

GC Heap History (0 events):
No events

Dll operation events (1 events):
Event: 0.019 Loaded shared library C:\Users\shnai\AppData\Local\JetBrains\CLion 2023.3.4\jbr\bin\java.dll

Deoptimization events (0 events):
No events

Classes unloaded (0 events):
No events

Classes redefined (0 events):
No events

Internal exceptions (0 events):
No events

VM Operations (0 events):
No events

Events (0 events):
No events


Dynamic libraries:
0x00007ff79ec50000 - 0x00007ff79ec5a000 	C:\Users\shnai\AppData\Local\JetBrains\CLion 2023.3.4\jbr\bin\java.exe
0x00007ff9a1ef0000 - 0x00007ff9a2107000 	C:\WINDOWS\SYSTEM32\ntdll.dll
0x00007ff9a1780000 - 0x00007ff9a1844000 	C:\WINDOWS\System32\KERNEL32.DLL
0x00007ff99f610000 - 0x00007ff99f9bd000 	C:\WINDOWS\System32\KERNELBASE.dll
0x00007ff99f450000 - 0x00007ff99f561000 	C:\WINDOWS\System32\ucrtbase.dll
0x00007ff96ce00000 - 0x00007ff96ce1b000 	C:\Users\shnai\AppData\Local\JetBrains\CLion 2023.3.4\jbr\bin\VCRUNTIME140.dll
0x00007ff98f780000 - 0x00007ff98f797000 	C:\Users\shnai\AppData\Local\JetBrains\CLion 2023.3.4\jbr\bin\jli.dll
0x00007ff9a1c60000 - 0x00007ff9a1e0e000 	C:\WINDOWS\System32\USER32.dll
0x00007ff99f300000 - 0x00007ff99f326000 	C:\WINDOWS\System32\win32u.dll
0x00007ff99fc20000 - 0x00007ff99fc49000 	C:\WINDOWS\System32\GDI32.dll
0x00007ff98bf70000 - 0x00007ff98c203000 	C:\WINDOWS\WinSxS\amd64_microsoft.windows.common-controls_6595b64144ccf1df_6.0.22621.3672_none_2713b9d173822955\COMCTL32.dll
0x00007ff99f330000 - 0x00007ff99f449000 	C:\WINDOWS\System32\gdi32full.dll
0x00007ff9a1240000 - 0x00007ff9a12e7000 	C:\WINDOWS\System32\msvcrt.dll
0x00007ff99f570000 - 0x00007ff99f60a000 	C:\WINDOWS\System32\msvcp_win.dll
0x00007ff9a0700000 - 0x00007ff9a0731000 	C:\WINDOWS\System32\IMM32.DLL
0x00007ff99a5c0000 - 0x00007ff99a5cc000 	C:\Users\shnai\AppData\Local\JetBrains\CLion 2023.3.4\jbr\bin\vcruntime140_1.dll
0x00007ff962fb0000 - 0x00007ff96303d000 	C:\Users\shnai\AppData\Local\JetBrains\CLion 2023.3.4\jbr\bin\msvcp140.dll
0x00007ff953c40000 - 0x00007ff9548c3000 	C:\Users\shnai\AppData\Local\JetBrains\CLion 2023.3.4\jbr\bin\server\jvm.dll
0x00007ff9a0dd0000 - 0x00007ff9a0e82000 	C:\WINDOWS\System32\ADVAPI32.dll
0x00007ff9a1190000 - 0x00007ff9a1239000 	C:\WINDOWS\System32\sechost.dll
0x00007ff99f210000 - 0x00007ff99f238000 	C:\WINDOWS\System32\bcrypt.dll
0x00007ff9a1960000 - 0x00007ff9a1a74000 	C:\WINDOWS\System32\RPCRT4.dll
0x00007ff99f0d0000 - 0x00007ff99f11d000 	C:\WINDOWS\SYSTEM32\POWRPROF.dll
0x00007ff996b20000 - 0x00007ff996b54000 	C:\WINDOWS\SYSTEM32\WINMM.dll
0x00007ff9973b0000 - 0x00007ff9973ba000 	C:\WINDOWS\SYSTEM32\VERSION.dll
0x00007ff98f020000 - 0x00007ff98f029000 	C:\WINDOWS\SYSTEM32\WSOCK32.dll
0x00007ff9a1be0000 - 0x00007ff9a1c51000 	C:\WINDOWS\System32\WS2_32.dll
0x00007ff99f0b0000 - 0x00007ff99f0c3000 	C:\WINDOWS\SYSTEM32\UMPDC.dll
0x00007ff99e210000 - 0x00007ff99e228000 	C:\WINDOWS\SYSTEM32\kernel.appcore.dll
0x00007ff98ef50000 - 0x00007ff98ef5a000 	C:\Users\shnai\AppData\Local\JetBrains\CLion 2023.3.4\jbr\bin\jimage.dll
0x00007ff994db0000 - 0x00007ff994fe2000 	C:\WINDOWS\SYSTEM32\DBGHELP.DLL
0x00007ff9a09e0000 - 0x00007ff9a0d6d000 	C:\WINDOWS\System32\combase.dll
0x00007ff9a0e90000 - 0x00007ff9a0f67000 	C:\WINDOWS\System32\OLEAUT32.dll
0x00007ff988610000 - 0x00007ff988642000 	C:\WINDOWS\SYSTEM32\dbgcore.DLL
0x00007ff99fb30000 - 0x00007ff99fbab000 	C:\WINDOWS\System32\bcryptPrimitives.dll
0x00007ff9764e0000 - 0x00007ff976505000 	C:\Users\shnai\AppData\Local\JetBrains\CLion 2023.3.4\jbr\bin\java.dll

dbghelp: loaded successfully - version: 4.0.5 - missing functions: none
symbol engine: initialized successfully - sym options: 0x614 - pdb path: .;C:\Users\shnai\AppData\Local\JetBrains\CLion 2023.3.4\jbr\bin;C:\WINDOWS\SYSTEM32;C:\WINDOWS\WinSxS\amd64_microsoft.windows.common-controls_6595b64144ccf1df_6.0.22621.3672_none_2713b9d173822955;C:\Users\shnai\AppData\Local\JetBrains\CLion 2023.3.4\jbr\bin\server

VM Arguments:
java_command: git4idea.http.GitAskPassApp Username for 'https://github.com': 
java_class_path (initial): C:/Users/shnai/AppData/Local/JetBrains/CLion 2023.3.4/plugins/vcs-git/lib/git4idea-rt.jar;C:/Users/shnai/AppData/Local/JetBrains/CLion 2023.3.4/lib/externalProcess-rt.jar
Launcher Type: SUN_STANDARD

[Global flags]
     intx CICompilerCount                          = 4                                         {product} {ergonomic}
     uint ConcGCThreads                            = 2                                         {product} {ergonomic}
     uint G1ConcRefinementThreads                  = 8                                         {product} {ergonomic}
   size_t G1HeapRegionSize                         = 2097152                                   {product} {ergonomic}
    uintx GCDrainStackTargetSize                   = 64                                        {product} {ergonomic}
   size_t InitialHeapSize                          = 234881024                                 {product} {ergonomic}
   size_t MarkStackSize                            = 4194304                                   {product} {ergonomic}
   size_t MaxHeapSize                              = 3745513472                                {product} {ergonomic}
   size_t MinHeapDeltaBytes                        = 2097152                                   {product} {ergonomic}
   size_t MinHeapSize                              = 8388608                                   {product} {ergonomic}
    uintx NonNMethodCodeHeapSize                   = 5839372                                {pd product} {ergonomic}
    uintx NonProfiledCodeHeapSize                  = 122909434                              {pd product} {ergonomic}
    uintx ProfiledCodeHeapSize                     = 122909434                              {pd product} {ergonomic}
    uintx ReservedCodeCacheSize                    = 251658240                              {pd product} {ergonomic}
     bool SegmentedCodeCache                       = true                                      {product} {ergonomic}
   size_t SoftMaxHeapSize                          = 3745513472                             {manageable} {ergonomic}
     bool UseCompressedClassPointers               = true                           {product lp64_product} {ergonomic}
     bool UseCompressedOops                        = true                           {product lp64_product} {ergonomic}
     bool UseG1GC                                  = true                                      {product} {ergonomic}
     bool UseLargePagesIndividualAllocation        = false                                  {pd product} {ergonomic}

Logging:
Log output configuration:
 #0: stdout all=warning uptime,level,tags
 #1: stderr all=off uptime,level,tags

Environment Variables:
JAVA_HOME=C:\Users\shnai\AppData\Local\Programs\Eclipse Adoptium\jdk-17.0.10.7-hotspot\
PATH=C:\Program Files\Git\mingw64\libexec\git-core;C:\Program Files\Git\mingw64\libexec\git-core;C:\Program Files\Git\mingw64\bin;C:\Program Files\Git\usr\bin;C:\Users\shnai\bin;C:\Program Files\xmapp\php;C:\Users\shnai\AppData\Local\Programs\Python\Python312;C:\Program Files\Eclipse Adoptium\jdk-8.0.402.6-hotspot\bin;C:\Program Files\Amazon Corretto\jdk1.8.0_402\bin;C:\WINDOWS\system32;C:\WINDOWS;C:\WINDOWS\System32\Wbem;C:\WINDOWS\System32\WindowsPowerShell\v1.0;C:\WINDOWS\System32\OpenSSH;C:\Program Files\Git\cmd;C:\Program Files\Docker\Docker\resources\bin;C:\Program Files\Pandoc;C:\Program Files\nodejs;C:\MinGW\bin;C:\Users\shnai\AppData\Local\Microsoft\WindowsApps;C:\Users\shnai\AppData\Local\Programs\Python\Python312;C:\Users\shnai\AppData\Local\Programs\Python\Launcher;C:\Users\shnai\AppData\Local\Programs\Eclipse Adoptium\jdk-17.0.10.7-hotspot\bin;C:\Program Files\JetBrains\IntelliJ IDEA 2023.3.3\bin;C:\Program Files\JetBrains\WebStorm 2023.3.3\bin;C:\Program Files\JetBrains\PhpStorm 2023.3.4\bin;C:\Users\shnai\AppData\Local\JetBrains\CLion 2023.3.4\bin;C:\Users\shnai\AppData\Local\Programs\Microsoft VS Code\bin;C:\Users\shnai\anaconda3\Scripts;C:\Users\shnai\anaconda3;C:\Users\shnai\AppData\Roaming\npm
USERNAME=shnai
DISPLAY=:0.0
LC_ALL=en_US.UTF-8
TERM=xterm-256color
TMPDIR=C:\Users\shnai\AppData\Local\Temp
OS=Windows_NT
PROCESSOR_IDENTIFIER=AMD64 Family 23 Model 24 Stepping 1, AuthenticAMD
TMP=C:\Users\shnai\AppData\Local\Temp
TEMP=C:\Users\shnai\AppData\Local\Temp



Periodic native trim disabled

JNI global refs:
JNI global refs: 0, weak refs: 0

JNI global refs memory usage: 0, weak refs: 0

OOME stack traces (most recent first):
Classloader memory used:


---------------  S Y S T E M  ---------------

OS:
 Windows 11 , 64 bit Build 22621 (10.0.22621.3958)
OS uptime: 1 days 4:07 hours
Hyper-V role detected

CPU: total 8 (initial active 8) (8 cores per cpu, 2 threads per core) family 23 model 24 stepping 1 microcode 0x0, cx8, cmov, fxsr, ht, mmx, 3dnowpref, sse, sse2, sse3, ssse3, sse4a, sse4.1, sse4.2, popcnt, lzcnt, tsc, tscinvbit, avx, avx2, aes, clmul, bmi1, bmi2, adx, sha, fma, vzeroupper, clflush, clflushopt, hv
Processor Information for all 8 processors :
  Max Mhz: 2300, Current Mhz: 2300, Mhz Limit: 2300

Memory: 4k page, system-wide physical 14282M (4050M free)
TotalPageFile size 14282M (AvailPageFile size 128M)
current process WorkingSet (physical memory assigned to process): 11M, peak: 11M
current process commit charge ("private bytes"): 60M, peak: 284M

vm_info: OpenJDK 64-Bit Server VM (17.0.10+1-b1087.17) for windows-amd64 JRE (17.0.10+1-b1087.17), built on 2024-01-19 by "builduser" with MS VC++ 16.10 / 16.11 (VS2019)

END.
